运行配置：
{
  "data_dir": "/public/home/yangzhe/ll/data",
  "output_dir": "/public/home/yangzhe/ll/data/deitransformer_outputs",
  "model": "deitransformer",
  "horizons": [
    365
  ],
  "seeds": [
    42,
    52,
    62,
    72,
    82
  ],
  "epochs": 200,
  "patience": 20,
  "batch_size": 32,
  "learning_rate": 0.0003,
  "weight_decay": 0.0001,
  "d_model": 64,
  "nhead": 4,
  "num_layers": 2,
  "dim_feedforward": 128,
  "dropout": 0.2,
  "moving_average_kernel": 7,
  "gate_init": 0.5,
  "grad_clip": 1.0,
  "device": "cuda"
}

开始训练：deitransformer | horizon=365 | seed=42 | device=cuda
Epoch 001 | train=0.808788 | val=0.594670 | lr=3.00e-04 | gate=0.5006 | best=0.594670
Epoch 002 | train=0.748190 | val=0.578268 | lr=3.00e-04 | gate=0.5012 | best=0.578268
Epoch 003 | train=0.701655 | val=0.562945 | lr=3.00e-04 | gate=0.5016 | best=0.562945
Epoch 004 | train=0.658416 | val=0.547969 | lr=3.00e-04 | gate=0.5018 | best=0.547969
Epoch 005 | train=0.620294 | val=0.530494 | lr=3.00e-04 | gate=0.5017 | best=0.530494
Epoch 006 | train=0.587293 | val=0.512048 | lr=3.00e-04 | gate=0.5013 | best=0.512048
Epoch 007 | train=0.557586 | val=0.493332 | lr=3.00e-04 | gate=0.5007 | best=0.493332
Epoch 008 | train=0.533255 | val=0.475372 | lr=3.00e-04 | gate=0.5001 | best=0.475372
Epoch 009 | train=0.508902 | val=0.459151 | lr=3.00e-04 | gate=0.4994 | best=0.459151
Epoch 010 | train=0.490431 | val=0.445138 | lr=3.00e-04 | gate=0.4987 | best=0.445138
Epoch 011 | train=0.474001 | val=0.434731 | lr=3.00e-04 | gate=0.4981 | best=0.434731
Epoch 012 | train=0.459955 | val=0.428920 | lr=3.00e-04 | gate=0.4974 | best=0.428920
Epoch 013 | train=0.446090 | val=0.425587 | lr=3.00e-04 | gate=0.4967 | best=0.425587
Epoch 014 | train=0.438263 | val=0.422895 | lr=3.00e-04 | gate=0.4961 | best=0.422895
Epoch 015 | train=0.427814 | val=0.422669 | lr=3.00e-04 | gate=0.4955 | best=0.422669
Epoch 016 | train=0.422518 | val=0.418119 | lr=3.00e-04 | gate=0.4948 | best=0.418119
Epoch 020 | train=0.401303 | val=0.425429 | lr=3.00e-04 | gate=0.4924 | best=0.418119
Epoch 030 | train=0.376713 | val=0.438545 | lr=7.50e-05 | gate=0.4891 | best=0.418119
触发早停：连续 20 轮验证损失未改善。
完成：mode=deitransformer, horizon=365, seed=42, MSE(kWh²)=48.260644, MAE(kWh)=5.405857, gate=0.4948, best_epoch=16

开始训练：deitransformer | horizon=365 | seed=52 | device=cuda
Epoch 001 | train=0.804201 | val=0.596567 | lr=3.00e-04 | gate=0.5007 | best=0.596567
Epoch 002 | train=0.745162 | val=0.583582 | lr=3.00e-04 | gate=0.5013 | best=0.583582
Epoch 003 | train=0.696450 | val=0.571579 | lr=3.00e-04 | gate=0.5017 | best=0.571579
Epoch 004 | train=0.653176 | val=0.558141 | lr=3.00e-04 | gate=0.5019 | best=0.558141
Epoch 005 | train=0.616117 | val=0.542787 | lr=3.00e-04 | gate=0.5018 | best=0.542787
Epoch 006 | train=0.583595 | val=0.524421 | lr=3.00e-04 | gate=0.5015 | best=0.524421
Epoch 007 | train=0.555430 | val=0.503689 | lr=3.00e-04 | gate=0.5010 | best=0.503689
Epoch 008 | train=0.530882 | val=0.483880 | lr=3.00e-04 | gate=0.5004 | best=0.483880
Epoch 009 | train=0.507900 | val=0.467259 | lr=3.00e-04 | gate=0.4998 | best=0.467259
Epoch 010 | train=0.491322 | val=0.452369 | lr=3.00e-04 | gate=0.4991 | best=0.452369
Epoch 011 | train=0.472358 | val=0.440323 | lr=3.00e-04 | gate=0.4984 | best=0.440323
Epoch 012 | train=0.459292 | val=0.432133 | lr=3.00e-04 | gate=0.4977 | best=0.432133
Epoch 013 | train=0.448837 | val=0.424656 | lr=3.00e-04 | gate=0.4971 | best=0.424656
Epoch 014 | train=0.437822 | val=0.418181 | lr=3.00e-04 | gate=0.4965 | best=0.418181
Epoch 015 | train=0.428633 | val=0.416841 | lr=3.00e-04 | gate=0.4959 | best=0.416841
Epoch 016 | train=0.423054 | val=0.416039 | lr=3.00e-04 | gate=0.4953 | best=0.416039
Epoch 017 | train=0.414893 | val=0.415476 | lr=3.00e-04 | gate=0.4948 | best=0.415476
Epoch 020 | train=0.400572 | val=0.418908 | lr=3.00e-04 | gate=0.4930 | best=0.415476
Epoch 030 | train=0.374128 | val=0.427719 | lr=7.50e-05 | gate=0.4892 | best=0.415476
触发早停：连续 20 轮验证损失未改善。
完成：mode=deitransformer, horizon=365, seed=52, MSE(kWh²)=48.178140, MAE(kWh)=5.381313, gate=0.4948, best_epoch=17

开始训练：deitransformer | horizon=365 | seed=62 | device=cuda
Epoch 001 | train=0.805942 | val=0.581994 | lr=3.00e-04 | gate=0.5007 | best=0.581994
Epoch 002 | train=0.747442 | val=0.568186 | lr=3.00e-04 | gate=0.5013 | best=0.568186
Epoch 003 | train=0.699919 | val=0.556545 | lr=3.00e-04 | gate=0.5017 | best=0.556545
Epoch 004 | train=0.657208 | val=0.546358 | lr=3.00e-04 | gate=0.5019 | best=0.546358
Epoch 005 | train=0.620282 | val=0.537521 | lr=3.00e-04 | gate=0.5018 | best=0.537521
Epoch 006 | train=0.587068 | val=0.528906 | lr=3.00e-04 | gate=0.5016 | best=0.528906
Epoch 007 | train=0.558353 | val=0.518453 | lr=3.00e-04 | gate=0.5011 | best=0.518453
Epoch 008 | train=0.534569 | val=0.506548 | lr=3.00e-04 | gate=0.5005 | best=0.506548
Epoch 009 | train=0.512699 | val=0.490292 | lr=3.00e-04 | gate=0.4999 | best=0.490292
Epoch 010 | train=0.493123 | val=0.473777 | lr=3.00e-04 | gate=0.4992 | best=0.473777
Epoch 011 | train=0.476263 | val=0.459106 | lr=3.00e-04 | gate=0.4985 | best=0.459106
Epoch 012 | train=0.462382 | val=0.448271 | lr=3.00e-04 | gate=0.4978 | best=0.448271
Epoch 013 | train=0.451116 | val=0.439651 | lr=3.00e-04 | gate=0.4971 | best=0.439651
Epoch 014 | train=0.440082 | val=0.432878 | lr=3.00e-04 | gate=0.4965 | best=0.432878
Epoch 015 | train=0.431562 | val=0.429949 | lr=3.00e-04 | gate=0.4958 | best=0.429949
Epoch 016 | train=0.425175 | val=0.429205 | lr=3.00e-04 | gate=0.4952 | best=0.429205
Epoch 017 | train=0.416935 | val=0.422631 | lr=3.00e-04 | gate=0.4946 | best=0.422631
Epoch 020 | train=0.401960 | val=0.431938 | lr=3.00e-04 | gate=0.4928 | best=0.422631
Epoch 030 | train=0.376994 | val=0.424707 | lr=7.50e-05 | gate=0.4889 | best=0.422631
Epoch 036 | train=0.372603 | val=0.422405 | lr=3.75e-05 | gate=0.4880 | best=0.422405
Epoch 037 | train=0.372878 | val=0.422260 | lr=3.75e-05 | gate=0.4880 | best=0.422260
Epoch 038 | train=0.371575 | val=0.422181 | lr=3.75e-05 | gate=0.4879 | best=0.422181
Epoch 039 | train=0.371180 | val=0.422056 | lr=3.75e-05 | gate=0.4878 | best=0.422056
Epoch 040 | train=0.371233 | val=0.421979 | lr=3.75e-05 | gate=0.4877 | best=0.421979
Epoch 043 | train=0.369897 | val=0.421798 | lr=3.75e-05 | gate=0.4875 | best=0.421798
Epoch 044 | train=0.368701 | val=0.421223 | lr=3.75e-05 | gate=0.4874 | best=0.421223
Epoch 045 | train=0.369838 | val=0.421076 | lr=3.75e-05 | gate=0.4873 | best=0.421076
Epoch 050 | train=0.368618 | val=0.422986 | lr=3.75e-05 | gate=0.4869 | best=0.421076
Epoch 060 | train=0.364245 | val=0.422775 | lr=9.37e-06 | gate=0.4866 | best=0.421076
触发早停：连续 20 轮验证损失未改善。
完成：mode=deitransformer, horizon=365, seed=62, MSE(kWh²)=48.779710, MAE(kWh)=5.465313, gate=0.4873, best_epoch=45

开始训练：deitransformer | horizon=365 | seed=72 | device=cuda
Epoch 001 | train=0.808221 | val=0.591710 | lr=3.00e-04 | gate=0.5007 | best=0.591710
Epoch 002 | train=0.747116 | val=0.569862 | lr=3.00e-04 | gate=0.5012 | best=0.569862
Epoch 003 | train=0.697635 | val=0.551661 | lr=3.00e-04 | gate=0.5017 | best=0.551661
Epoch 004 | train=0.654460 | val=0.534504 | lr=3.00e-04 | gate=0.5020 | best=0.534504
Epoch 005 | train=0.616342 | val=0.517125 | lr=3.00e-04 | gate=0.5019 | best=0.517125
Epoch 006 | train=0.584279 | val=0.498178 | lr=3.00e-04 | gate=0.5017 | best=0.498178
Epoch 007 | train=0.556348 | val=0.477007 | lr=3.00e-04 | gate=0.5013 | best=0.477007
Epoch 008 | train=0.531038 | val=0.456531 | lr=3.00e-04 | gate=0.5007 | best=0.456531
Epoch 009 | train=0.507941 | val=0.438750 | lr=3.00e-04 | gate=0.5002 | best=0.438750
Epoch 010 | train=0.488278 | val=0.422303 | lr=3.00e-04 | gate=0.4995 | best=0.422303
Epoch 011 | train=0.474689 | val=0.412518 | lr=3.00e-04 | gate=0.4989 | best=0.412518
Epoch 012 | train=0.458613 | val=0.405581 | lr=3.00e-04 | gate=0.4982 | best=0.405581
Epoch 013 | train=0.449027 | val=0.403236 | lr=3.00e-04 | gate=0.4976 | best=0.403236
Epoch 014 | train=0.439304 | val=0.401688 | lr=3.00e-04 | gate=0.4970 | best=0.401688
Epoch 015 | train=0.431364 | val=0.398998 | lr=3.00e-04 | gate=0.4963 | best=0.398998
Epoch 016 | train=0.421640 | val=0.397322 | lr=3.00e-04 | gate=0.4957 | best=0.397322
Epoch 020 | train=0.399754 | val=0.405794 | lr=3.00e-04 | gate=0.4933 | best=0.397322
Epoch 030 | train=0.376259 | val=0.417192 | lr=7.50e-05 | gate=0.4898 | best=0.397322
触发早停：连续 20 轮验证损失未改善。
完成：mode=deitransformer, horizon=365, seed=72, MSE(kWh²)=45.771228, MAE(kWh)=5.234867, gate=0.4957, best_epoch=16

开始训练：deitransformer | horizon=365 | seed=82 | device=cuda
Epoch 001 | train=0.805932 | val=0.572827 | lr=3.00e-04 | gate=0.5007 | best=0.572827
Epoch 002 | train=0.747633 | val=0.560870 | lr=3.00e-04 | gate=0.5012 | best=0.560870
Epoch 003 | train=0.702962 | val=0.549424 | lr=3.00e-04 | gate=0.5017 | best=0.549424
Epoch 004 | train=0.661976 | val=0.537186 | lr=3.00e-04 | gate=0.5019 | best=0.537186
Epoch 005 | train=0.625022 | val=0.523341 | lr=3.00e-04 | gate=0.5018 | best=0.523341
Epoch 006 | train=0.591755 | val=0.508513 | lr=3.00e-04 | gate=0.5015 | best=0.508513
Epoch 007 | train=0.562614 | val=0.490619 | lr=3.00e-04 | gate=0.5010 | best=0.490619
Epoch 008 | train=0.536493 | val=0.473003 | lr=3.00e-04 | gate=0.5005 | best=0.473003
Epoch 009 | train=0.514556 | val=0.457238 | lr=3.00e-04 | gate=0.4998 | best=0.457238
Epoch 010 | train=0.496191 | val=0.444469 | lr=3.00e-04 | gate=0.4991 | best=0.444469
Epoch 011 | train=0.479612 | val=0.433708 | lr=3.00e-04 | gate=0.4984 | best=0.433708
Epoch 012 | train=0.465357 | val=0.425747 | lr=3.00e-04 | gate=0.4977 | best=0.425747
Epoch 013 | train=0.453289 | val=0.418668 | lr=3.00e-04 | gate=0.4970 | best=0.418668
Epoch 014 | train=0.443018 | val=0.416488 | lr=3.00e-04 | gate=0.4963 | best=0.416488
Epoch 015 | train=0.434021 | val=0.415061 | lr=3.00e-04 | gate=0.4957 | best=0.415061
Epoch 016 | train=0.428372 | val=0.413182 | lr=3.00e-04 | gate=0.4951 | best=0.413182
Epoch 017 | train=0.422488 | val=0.411846 | lr=3.00e-04 | gate=0.4945 | best=0.411846
Epoch 018 | train=0.414534 | val=0.411468 | lr=3.00e-04 | gate=0.4939 | best=0.411468
Epoch 020 | train=0.406030 | val=0.414644 | lr=3.00e-04 | gate=0.4928 | best=0.411468
Epoch 030 | train=0.375749 | val=0.423647 | lr=7.50e-05 | gate=0.4887 | best=0.411468
触发早停：连续 20 轮验证损失未改善。
完成：mode=deitransformer, horizon=365, seed=82, MSE(kWh²)=47.022940, MAE(kWh)=5.300864, gate=0.4939, best_epoch=18

------------------------------------------------------------------------
deitransformer horizon=365 的 5 轮汇总：
MSE(kWh²) = 47.602532 ± 1.208282
MAE(kWh) = 5.357643 ± 0.090520
融合权重 alpha = 0.4933 ± 0.0034
------------------------------------------------------------------------

全部 deitransformer 实验完成。
汇总结果： /public/home/yangzhe/ll/data/deitransformer_outputs/results/deitransformer_summary.csv
         model  horizon  num_runs  mse_raw_mean  mse_raw_std  mae_raw_mean  mae_raw_std  mse_kwh2_mean  mse_kwh2_std  mae_kwh_mean  mae_kwh_std  fusion_weight_mean  fusion_weight_std  best_epoch_mean  elapsed_seconds_mean
deitransformer      365         5 171369.116378  4349.816794    321.458555     5.431207      47.602532      1.208282      5.357643      0.09052            0.493286             0.0034             22.4              5.396595
